0 info it worked if it ends with ok
1 verbose cli [ '/usr/bin/node', '/usr/bin/npm', 'install', 'node-sass@4.9.0' ]
2 info using npm@3.5.2
3 info using node@v8.10.0
4 silly loadCurrentTree Starting
5 silly install loadCurrentTree
6 silly install readLocalPackageData
7 silly fetchPackageMetaData node-sass@4.9.0
8 silly fetchNamedPackageData node-sass
9 silly mapToRegistry name node-sass
10 silly mapToRegistry using default registry
11 silly mapToRegistry registry https://registry.npmjs.org/
12 silly mapToRegistry uri https://registry.npmjs.org/node-sass
13 verbose request uri https://registry.npmjs.org/node-sass
14 verbose request no auth needed
15 info attempt registry request try #1 at 3:18:14 PM
16 verbose request id 1d52b1101a9cb04e
17 http request GET https://registry.npmjs.org/node-sass
18 http 200 https://registry.npmjs.org/node-sass
19 verbose headers { date: 'Sat, 13 Oct 2018 22:18:17 GMT',
19 verbose headers   'content-type': 'application/json; charset=UTF-8',
19 verbose headers   'transfer-encoding': 'chunked',
19 verbose headers   connection: 'keep-alive',
19 verbose headers   'set-cookie':
19 verbose headers    [ '__cfduid=d793aaf5e339290affe3d5f823b5dc8b51539469097; expires=Sun, 13-Oct-19 22:18:17 GMT; path=/; domain=.registry.npmjs.org; HttpOnly' ],
19 verbose headers   'cf-cache-status': 'HIT',
19 verbose headers   'cache-control': 'max-age=300',
19 verbose headers   'cf-ray': '46952e612b9998a1-LAX',
19 verbose headers   etag: 'W/"374c723def3fbe56f8f5aaeedd4bb567"',
19 verbose headers   'expect-ct': 'max-age=604800, report-uri="https://report-uri.cloudflare.com/cdn-cgi/beacon/expect-ct"',
19 verbose headers   'last-modified': 'Thu, 09 Aug 2018 13:05:14 GMT',
19 verbose headers   vary: 'accept-encoding, accept',
19 verbose headers   server: 'cloudflare',
19 verbose headers   'content-encoding': 'gzip' }
20 silly get cb [ 200,
20 silly get   { date: 'Sat, 13 Oct 2018 22:18:17 GMT',
20 silly get     'content-type': 'application/json; charset=UTF-8',
20 silly get     'transfer-encoding': 'chunked',
20 silly get     connection: 'keep-alive',
20 silly get     'set-cookie':
20 silly get      [ '__cfduid=d793aaf5e339290affe3d5f823b5dc8b51539469097; expires=Sun, 13-Oct-19 22:18:17 GMT; path=/; domain=.registry.npmjs.org; HttpOnly' ],
20 silly get     'cf-cache-status': 'HIT',
20 silly get     'cache-control': 'max-age=300',
20 silly get     'cf-ray': '46952e612b9998a1-LAX',
20 silly get     etag: 'W/"374c723def3fbe56f8f5aaeedd4bb567"',
20 silly get     'expect-ct': 'max-age=604800, report-uri="https://report-uri.cloudflare.com/cdn-cgi/beacon/expect-ct"',
20 silly get     'last-modified': 'Thu, 09 Aug 2018 13:05:14 GMT',
20 silly get     vary: 'accept-encoding, accept',
20 silly get     server: 'cloudflare',
20 silly get     'content-encoding': 'gzip' } ]
21 verbose get saving node-sass to /home/pancheng/.npm/registry.npmjs.org/node-sass/.cache.json
22 silly install normalizeTree
23 silly loadCurrentTree Finishing
24 silly loadIdealTree Starting
25 silly install loadIdealTree
26 silly cloneCurrentTree Starting
27 silly install cloneCurrentTreeToIdealTree
28 silly cloneCurrentTree Finishing
29 silly loadShrinkwrap Starting
30 silly install loadShrinkwrap
31 silly loadShrinkwrap Finishing
32 silly loadAllDepsIntoIdealTree Starting
33 silly install loadAllDepsIntoIdealTree
34 silly resolveWithNewModule node-sass@4.9.0 checking installable status
35 silly cache add args [ 'node-sass@4.9.0', null ]
36 verbose cache add spec node-sass@4.9.0
37 silly cache add parsed spec Result {
37 silly cache add   raw: 'node-sass@4.9.0',
37 silly cache add   scope: null,
37 silly cache add   name: 'node-sass',
37 silly cache add   rawSpec: '4.9.0',
37 silly cache add   spec: '4.9.0',
37 silly cache add   type: 'version' }
38 silly addNamed node-sass@4.9.0
39 verbose addNamed "4.9.0" is a plain semver version for node-sass
40 silly mapToRegistry name node-sass
41 silly mapToRegistry using default registry
42 silly mapToRegistry registry https://registry.npmjs.org/
43 silly mapToRegistry uri https://registry.npmjs.org/node-sass
44 verbose addNameVersion registry:https://registry.npmjs.org/node-sass not in flight; fetching
45 verbose get https://registry.npmjs.org/node-sass not expired, no request
46 silly mapToRegistry name node-sass
47 silly mapToRegistry using default registry
48 silly mapToRegistry registry https://registry.npmjs.org/
49 silly mapToRegistry uri https://registry.npmjs.org/node-sass
50 verbose addRemoteTarball https://registry.npmjs.org/node-sass/-/node-sass-4.9.0.tgz not in flight; adding
51 verbose addRemoteTarball [ 'https://registry.npmjs.org/node-sass/-/node-sass-4.9.0.tgz',
51 verbose addRemoteTarball   'd1b8aa855d98ed684d6848db929a20771cc2ae52' ]
52 info retry fetch attempt 1 at 3:18:14 PM
53 info attempt registry request try #1 at 3:18:14 PM
54 http fetch GET https://registry.npmjs.org/node-sass/-/node-sass-4.9.0.tgz
55 http fetch 200 https://registry.npmjs.org/node-sass/-/node-sass-4.9.0.tgz
56 silly fetchAndShaCheck shasum d1b8aa855d98ed684d6848db929a20771cc2ae52
57 verbose addTmpTarball /tmp/npm-20095-fef8bb4e/registry.npmjs.org/node-sass/-/node-sass-4.9.0.tgz not in flight; adding
58 verbose addTmpTarball already have metadata; skipping unpack for node-sass@4.9.0
59 silly rollbackFailedOptional Starting
60 silly rollbackFailedOptional Finishing
61 silly runTopLevelLifecycles Starting
62 silly runTopLevelLifecycles Finishing
63 silly install printInstalled
64 verbose stack Error: EACCES: permission denied, mkdir '/home/pancheng/.npm/node-sass/4.9.0'
65 verbose cwd /home/pancheng/Desktop/Projects/myproject
66 error Linux 4.15.0-29-generic
67 error argv "/usr/bin/node" "/usr/bin/npm" "install" "node-sass@4.9.0"
68 error node v8.10.0
69 error npm  v3.5.2
70 error path /home/pancheng/.npm/node-sass/4.9.0
71 error code EACCES
72 error errno -13
73 error syscall mkdir
74 error Error: EACCES: permission denied, mkdir '/home/pancheng/.npm/node-sass/4.9.0'
74 error  { Error: EACCES: permission denied, mkdir '/home/pancheng/.npm/node-sass/4.9.0'
74 error   errno: -13,
74 error   code: 'EACCES',
74 error   syscall: 'mkdir',
74 error   path: '/home/pancheng/.npm/node-sass/4.9.0' }
75 error Please try running this command again as root/Administrator.
76 verbose exit [ -13, true ]
