0 info it worked if it ends with ok
1 verbose cli [ '/usr/bin/node',
1 verbose cli   '/usr/bin/npm',
1 verbose cli   'install',
1 verbose cli   'sass-loader',
1 verbose cli   'node-sass',
1 verbose cli   'webpack',
1 verbose cli   '–save-dev' ]
2 info using npm@3.5.2
3 info using node@v8.10.0
4 silly loadCurrentTree Starting
5 silly install loadCurrentTree
6 silly install readLocalPackageData
7 silly fetchPackageMetaData sass-loader
8 silly fetchPackageMetaData node-sass
9 silly fetchPackageMetaData webpack
10 silly fetchPackageMetaData –save-dev
11 silly fetchNamedPackageData sass-loader
12 silly mapToRegistry name sass-loader
13 silly mapToRegistry using default registry
14 silly mapToRegistry registry https://registry.npmjs.org/
15 silly mapToRegistry uri https://registry.npmjs.org/sass-loader
16 silly fetchNamedPackageData node-sass
17 silly mapToRegistry name node-sass
18 silly mapToRegistry using default registry
19 silly mapToRegistry registry https://registry.npmjs.org/
20 silly mapToRegistry uri https://registry.npmjs.org/node-sass
21 silly fetchNamedPackageData webpack
22 silly mapToRegistry name webpack
23 silly mapToRegistry using default registry
24 silly mapToRegistry registry https://registry.npmjs.org/
25 silly mapToRegistry uri https://registry.npmjs.org/webpack
26 silly fetchOtherPackageData –save-dev
27 silly cache add args [ '–save-dev', null ]
28 verbose cache add spec –save-dev
29 verbose request uri https://registry.npmjs.org/sass-loader
30 verbose request no auth needed
31 info attempt registry request try #1 at 3:14:13 PM
32 verbose request id 8436619acfd3c8a9
33 http request GET https://registry.npmjs.org/sass-loader
34 verbose request uri https://registry.npmjs.org/node-sass
35 verbose request no auth needed
36 info attempt registry request try #1 at 3:14:13 PM
37 http request GET https://registry.npmjs.org/node-sass
38 verbose request uri https://registry.npmjs.org/webpack
39 verbose request no auth needed
40 info attempt registry request try #1 at 3:14:13 PM
41 http request GET https://registry.npmjs.org/webpack
42 silly cache add parsed spec Result {
42 silly cache add   raw: '–save-dev',
42 silly cache add   scope: null,
42 silly cache add   name: null,
42 silly cache add   rawSpec: '–save-dev',
42 silly cache add   spec: '/home/pancheng/Desktop/Projects/myproject/week1/–save-dev',
42 silly cache add   type: 'local' }
43 verbose stack TypeError: The header content contains invalid characters
43 verbose stack     at validateHeader (_http_outgoing.js:494:11)
43 verbose stack     at ClientRequest.setHeader (_http_outgoing.js:498:3)
43 verbose stack     at new ClientRequest (_http_client.js:173:14)
43 verbose stack     at Object.request (http.js:38:10)
43 verbose stack     at Object.request (https.js:239:15)
43 verbose stack     at Request.start (/usr/share/npm/node_modules/request/request.js:793:30)
43 verbose stack     at Request.end (/usr/share/npm/node_modules/request/request.js:1400:10)
43 verbose stack     at end (/usr/share/npm/node_modules/request/request.js:564:14)
43 verbose stack     at Immediate._onImmediate (/usr/share/npm/node_modules/request/request.js:578:7)
43 verbose stack     at runCallback (timers.js:794:20)
44 verbose cwd /home/pancheng/Desktop/Projects/myproject/week1
45 error Linux 4.15.0-29-generic
46 error argv "/usr/bin/node" "/usr/bin/npm" "install" "sass-loader" "node-sass" "webpack" "–save-dev"
47 error node v8.10.0
48 error npm  v3.5.2
49 error The header content contains invalid characters
50 error If you need help, you may report this error at:
50 error     <https://github.com/npm/npm/issues>
51 verbose exit [ 1, true ]
